<?xml version="1.0" encoding="utf-8" standalone="no"?>
<!--This file represents the results of running a test suite-->
<test-results name="nunit.engine.dll" total="0" failures="0" not-run="0" date="2018-12-21" time="00:43:50">
  <environment nunit-version="2.4.8.0" clr-version="4.0.30319.42000" os-version="Unix 16.7.0.0" platform="Unix" cwd="/Users/user/Projects/BabySitter/BabySitter-Kata/BabySitterKata/bin/Debug" machine-name="Darions-iMac" user="user" user-domain="Darions-iMac" />
  <culture-info current-culture="en-US" current-uiculture="en-US" />
  <test-suite name="nunit.engine.dll" success="True" time="0.019" asserts="0">
    <results />
  </test-suite>
</test-results>